# JRE version: Java(TM) SE Runtime Environment (8.0_73-b02) (build 1.8.0_73-b02)
# Java VM: Java HotSpot(TM) Client VM (25.73-b02 mixed mode windows-x86 )
Heap:
 def new generation   total 180800K, used 112995K [0x03800000, 0x0fc20000, 0x13800000)
  eden space 160768K,  66% used [0x03800000, 0x0a0d1eb8, 0x0d500000)
  from space 20032K,  28% used [0x0e890000, 0x0ee17088, 0x0fc20000)
  to   space 20032K,   0% used [0x0d500000, 0x0d500000, 0x0e890000)
 tenured generation   total 401456K, used 269583K [0x13800000, 0x2c00c000, 0x33800000)
   the space 401456K,  67% used [0x13800000, 0x23f43e58, 0x23f44000, 0x2c00c000)
 Metaspace       used 57711K, capacity 61985K, committed 62080K, reserved 62848K
GC Heap History (10 events):
Event: 179.756 GC heap before
{Heap before GC invocations=87 (full 9):
 def new generation   total 180800K, used 180664K [0x03800000, 0x0fc20000, 0x13800000)
  eden space 160768K, 100% used [0x03800000, 0x0d500000, 0x0d500000)
  from space 20032K,  99% used [0x0d500000, 0x0e86e030, 0x0e890000)
  to   space 20032K,   0% used [0x0e890000, 0x0e890000, 0x0fc20000)
 tenured generation   total 401456K, used 255169K [0x13800000, 0x2c00c000, 0x33800000)
   the space 401456K,  63% used [0x13800000, 0x23130588, 0x23130600, 0x2c00c000)
 Metaspace       used 57528K, capacity 61777K, committed 61824K, reserved 61824K
Event: 179.807 GC heap after
Heap after GC invocations=88 (full 9):
 def new generation   total 180800K, used 11556K [0x03800000, 0x0fc20000, 0x13800000)
  eden space 160768K,   0% used [0x03800000, 0x03800000, 0x0d500000)
  from space 20032K,  57% used [0x0e890000, 0x0f3d9080, 0x0fc20000)
  to   space 20032K,   0% used [0x0d500000, 0x0d500000, 0x0e890000)
 tenured generation   total 401456K, used 266319K [0x13800000, 0x2c00c000, 0x33800000)
   the space 401456K,  66% used [0x13800000, 0x23c13c50, 0x23c13e00, 0x2c00c000)
 Metaspace       used 57528K, capacity 61777K, committed 61824K, reserved 61824K
}
Event: 182.423 GC heap before
{Heap before GC invocations=88 (full 9):
 def new generation   total 180800K, used 172324K [0x03800000, 0x0fc20000, 0x13800000)
  eden space 160768K, 100% used [0x03800000, 0x0d500000, 0x0d500000)
  from space 20032K,  57% used [0x0e890000, 0x0f3d9080, 0x0fc20000)
  to   space 20032K,   0% used [0x0d500000, 0x0d500000, 0x0e890000)
 tenured generation   total 401456K, used 266319K [0x13800000, 0x2c00c000, 0x33800000)
   the space 401456K,  66% used [0x13800000, 0x23c13c50, 0x23c13e00, 0x2c00c000)
 Metaspace       used 57572K, capacity 61813K, committed 61824K, reserved 61824K
Event: 182.442 GC heap after
Heap after GC invocations=89 (full 9):
 def new generation   total 180800K, used 10119K [0x03800000, 0x0fc20000, 0x13800000)
  eden space 160768K,   0% used [0x03800000, 0x03800000, 0x0d500000)
  from space 20032K,  50% used [0x0d500000, 0x0dee1f48, 0x0e890000)
  to   space 20032K,   0% used [0x0e890000, 0x0e890000, 0x0fc20000)
 tenured generation   total 401456K, used 267326K [0x13800000, 0x2c00c000, 0x33800000)
   the space 401456K,  66% used [0x13800000, 0x23d0fb60, 0x23d0fc00, 0x2c00c000)
 Metaspace       used 57572K, capacity 61813K, committed 61824K, reserved 61824K
}
Event: 184.312 GC heap before
{Heap before GC invocations=89 (full 9):
 def new generation   total 180800K, used 170887K [0x03800000, 0x0fc20000, 0x13800000)
  eden space 160768K, 100% used [0x03800000, 0x0d500000, 0x0d500000)
  from space 20032K,  50% used [0x0d500000, 0x0dee1f48, 0x0e890000)
  to   space 20032K,   0% used [0x0e890000, 0x0e890000, 0x0fc20000)
 tenured generation   total 401456K, used 267326K [0x13800000, 0x2c00c000, 0x33800000)
   the space 401456K,  66% used [0x13800000, 0x23d0fb60, 0x23d0fc00, 0x2c00c000)
 Metaspace       used 57572K, capacity 61813K, committed 61824K, reserved 61824K
Event: 184.336 GC heap after
Heap after GC invocations=90 (full 9):
 def new generation   total 180800K, used 9829K [0x03800000, 0x0fc20000, 0x13800000)
  eden space 160768K,   0% used [0x03800000, 0x03800000, 0x0d500000)
  from space 20032K,  49% used [0x0e890000, 0x0f2297a8, 0x0fc20000)
  to   space 20032K,   0% used [0x0d500000, 0x0d500000, 0x0e890000)
 tenured generation   total 401456K, used 268241K [0x13800000, 0x2c00c000, 0x33800000)
   the space 401456K,  66% used [0x13800000, 0x23df4450, 0x23df4600, 0x2c00c000)
 Metaspace       used 57572K, capacity 61813K, committed 61824K, reserved 61824K
}
Event: 187.657 GC heap before
{Heap before GC invocations=90 (full 9):
 def new generation   total 180800K, used 170597K [0x03800000, 0x0fc20000, 0x13800000)
  eden space 160768K, 100% used [0x03800000, 0x0d500000, 0x0d500000)
  from space 20032K,  49% used [0x0e890000, 0x0f2297a8, 0x0fc20000)
  to   space 20032K,   0% used [0x0d500000, 0x0d500000, 0x0e890000)
 tenured generation   total 401456K, used 268241K [0x13800000, 0x2c00c000, 0x33800000)
   the space 401456K,  66% used [0x13800000, 0x23df4450, 0x23df4600, 0x2c00c000)
 Metaspace       used 57573K, capacity 61813K, committed 61824K, reserved 61824K
Event: 187.690 GC heap after
Heap after GC invocations=91 (full 9):
 def new generation   total 180800K, used 19724K [0x03800000, 0x0fc20000, 0x13800000)
  eden space 160768K,   0% used [0x03800000, 0x03800000, 0x0d500000)
  from space 20032K,  98% used [0x0d500000, 0x0e8433c8, 0x0e890000)
  to   space 20032K,   0% used [0x0e890000, 0x0e890000, 0x0fc20000)
 tenured generation   total 401456K, used 268241K [0x13800000, 0x2c00c000, 0x33800000)
   the space 401456K,  66% used [0x13800000, 0x23df4450, 0x23df4600, 0x2c00c000)
 Metaspace       used 57573K, capacity 61813K, committed 61824K, reserved 61824K
}
Event: 192.122 GC heap before
{Heap before GC invocations=91 (full 9):
 def new generation   total 180800K, used 180492K [0x03800000, 0x0fc20000, 0x13800000)
  eden space 160768K, 100% used [0x03800000, 0x0d500000, 0x0d500000)
  from space 20032K,  98% used [0x0d500000, 0x0e8433c8, 0x0e890000)
  to   space 20032K,   0% used [0x0e890000, 0x0e890000, 0x0fc20000)
 tenured generation   total 401456K, used 268241K [0x13800000, 0x2c00c000, 0x33800000)
   the space 401456K,  66% used [0x13800000, 0x23df4450, 0x23df4600, 0x2c00c000)
 Metaspace       used 57618K, capacity 61914K, committed 61952K, reserved 62848K
Event: 192.134 GC heap after
Heap after GC invocations=92 (full 9):
 def new generation   total 180800K, used 5660K [0x03800000, 0x0fc20000, 0x13800000)
  eden space 160768K,   0% used [0x03800000, 0x03800000, 0x0d500000)
  from space 20032K,  28% used [0x0e890000, 0x0ee17088, 0x0fc20000)
  to   space 20032K,   0% used [0x0d500000, 0x0d500000, 0x0e890000)
 tenured generation   total 401456K, used 269583K [0x13800000, 0x2c00c000, 0x33800000)
   the space 401456K,  67% used [0x13800000, 0x23f43e58, 0x23f44000, 0x2c00c000)
 Metaspace       used 57618K, capacity 61914K, committed 61952K, reserved 62848K
}

