# JRE version: Java(TM) SE Runtime Environment (8.0_73-b02) (build 1.8.0_73-b02)
# Java VM: Java HotSpot(TM) Client VM (25.73-b02 mixed mode windows-x86 )
Heap:
 def new generation   total 144192K, used 59701K [0x03a00000, 0x0d670000, 0x13a00000)
  eden space 128192K,  46% used [0x03a00000, 0x0744a190, 0x0b730000)
  from space 16000K,   0% used [0x0c6d0000, 0x0c6d3548, 0x0d670000)
  to   space 16000K,   0% used [0x0b730000, 0x0b730000, 0x0c6d0000)
 tenured generation   total 320048K, used 209191K [0x13a00000, 0x2728c000, 0x33a00000)
   the space 320048K,  65% used [0x13a00000, 0x20649c30, 0x20649e00, 0x2728c000)
 Metaspace       used 57411K, capacity 61749K, committed 61824K, reserved 61824K
GC Heap History (10 events):
Event: 51.055 GC heap before
{Heap before GC invocations=53 (full 6):
 def new generation   total 98176K, used 94915K [0x03a00000, 0x0a480000, 0x13a00000)
  eden space 87296K,  96% used [0x03a00000, 0x08c91708, 0x08f40000)
  from space 10880K,  95% used [0x099e0000, 0x0a3ff8b8, 0x0a480000)
  to   space 10880K,   0% used [0x08f40000, 0x08f40000, 0x099e0000)
 tenured generation   total 217984K, used 196751K [0x13a00000, 0x20ee0000, 0x33a00000)
   the space 217984K,  90% used [0x13a00000, 0x1fa23c90, 0x1fa23e00, 0x20ee0000)
 Metaspace       used 57299K, capacity 61658K, committed 61696K, reserved 61824K
Event: 51.115 GC heap after
Heap after GC invocations=54 (full 6):
 def new generation   total 98176K, used 10880K [0x03a00000, 0x0a480000, 0x13a00000)
  eden space 87296K,   0% used [0x03a00000, 0x03a00000, 0x08f40000)
  from space 10880K, 100% used [0x08f40000, 0x099e0000, 0x099e0000)
  to   space 10880K,   0% used [0x099e0000, 0x099e0000, 0x0a480000)
 tenured generation   total 217984K, used 217460K [0x13a00000, 0x20ee0000, 0x33a00000)
   the space 217984K,  99% used [0x13a00000, 0x20e5d058, 0x20e5d200, 0x20ee0000)
 Metaspace       used 57299K, capacity 61658K, committed 61696K, reserved 61824K
}
Event: 52.215 GC heap before
{Heap before GC invocations=54 (full 6):
 def new generation   total 98176K, used 98176K [0x03a00000, 0x0a480000, 0x13a00000)
  eden space 87296K, 100% used [0x03a00000, 0x08f40000, 0x08f40000)
  from space 10880K, 100% used [0x08f40000, 0x099e0000, 0x099e0000)
  to   space 10880K,   0% used [0x099e0000, 0x099e0000, 0x0a480000)
 tenured generation   total 217984K, used 217460K [0x13a00000, 0x20ee0000, 0x33a00000)
   the space 217984K,  99% used [0x13a00000, 0x20e5d058, 0x20e5d200, 0x20ee0000)
 Metaspace       used 57299K, capacity 61658K, committed 61696K, reserved 61824K
Event: 52.701 GC heap after
Heap after GC invocations=55 (full 7):
 def new generation   total 144192K, used 0K [0x03a00000, 0x0d670000, 0x13a00000)
  eden space 128192K,   0% used [0x03a00000, 0x03a00000, 0x0b730000)
  from space 16000K,   0% used [0x0b730000, 0x0b730000, 0x0c6d0000)
  to   space 16000K,   0% used [0x0c6d0000, 0x0c6d0000, 0x0d670000)
 tenured generation   total 320048K, used 192027K [0x13a00000, 0x2728c000, 0x33a00000)
   the space 320048K,  59% used [0x13a00000, 0x1f586c18, 0x1f586e00, 0x2728c000)
 Metaspace       used 57291K, capacity 61640K, committed 61696K, reserved 61824K
}
Event: 54.445 GC heap before
{Heap before GC invocations=55 (full 7):
 def new generation   total 144192K, used 128192K [0x03a00000, 0x0d670000, 0x13a00000)
  eden space 128192K, 100% used [0x03a00000, 0x0b730000, 0x0b730000)
  from space 16000K,   0% used [0x0b730000, 0x0b730000, 0x0c6d0000)
  to   space 16000K,   0% used [0x0c6d0000, 0x0c6d0000, 0x0d670000)
 tenured generation   total 320048K, used 192027K [0x13a00000, 0x2728c000, 0x33a00000)
   the space 320048K,  59% used [0x13a00000, 0x1f586c18, 0x1f586e00, 0x2728c000)
 Metaspace       used 57291K, capacity 61640K, committed 61696K, reserved 61824K
Event: 54.498 GC heap after
Heap after GC invocations=56 (full 7):
 def new generation   total 144192K, used 8418K [0x03a00000, 0x0d670000, 0x13a00000)
  eden space 128192K,   0% used [0x03a00000, 0x03a00000, 0x0b730000)
  from space 16000K,  52% used [0x0c6d0000, 0x0cf08960, 0x0d670000)
  to   space 16000K,   0% used [0x0b730000, 0x0b730000, 0x0c6d0000)
 tenured generation   total 320048K, used 192027K [0x13a00000, 0x2728c000, 0x33a00000)
   the space 320048K,  59% used [0x13a00000, 0x1f586c18, 0x1f586e00, 0x2728c000)
 Metaspace       used 57291K, capacity 61640K, committed 61696K, reserved 61824K
}
Event: 58.120 GC heap before
{Heap before GC invocations=56 (full 7):
 def new generation   total 144192K, used 136610K [0x03a00000, 0x0d670000, 0x13a00000)
  eden space 128192K, 100% used [0x03a00000, 0x0b730000, 0x0b730000)
  from space 16000K,  52% used [0x0c6d0000, 0x0cf08960, 0x0d670000)
  to   space 16000K,   0% used [0x0b730000, 0x0b730000, 0x0c6d0000)
 tenured generation   total 320048K, used 192027K [0x13a00000, 0x2728c000, 0x33a00000)
   the space 320048K,  59% used [0x13a00000, 0x1f586c18, 0x1f586e00, 0x2728c000)
 Metaspace       used 57379K, capacity 61744K, committed 61824K, reserved 61824K
Event: 58.175 GC heap after
Heap after GC invocations=57 (full 7):
 def new generation   total 144192K, used 9140K [0x03a00000, 0x0d670000, 0x13a00000)
  eden space 128192K,   0% used [0x03a00000, 0x03a00000, 0x0b730000)
  from space 16000K,  57% used [0x0b730000, 0x0c01d180, 0x0c6d0000)
  to   space 16000K,   0% used [0x0c6d0000, 0x0c6d0000, 0x0d670000)
 tenured generation   total 320048K, used 200441K [0x13a00000, 0x2728c000, 0x33a00000)
   the space 320048K,  62% used [0x13a00000, 0x1fdbe678, 0x1fdbe800, 0x2728c000)
 Metaspace       used 57379K, capacity 61744K, committed 61824K, reserved 61824K
}
Event: 63.878 GC heap before
{Heap before GC invocations=57 (full 7):
 def new generation   total 144192K, used 136468K [0x03a00000, 0x0d670000, 0x13a00000)
  eden space 128192K,  99% used [0x03a00000, 0x0b658148, 0x0b730000)
  from space 16000K,  57% used [0x0b730000, 0x0c01d180, 0x0c6d0000)
  to   space 16000K,   0% used [0x0c6d0000, 0x0c6d0000, 0x0d670000)
 tenured generation   total 320048K, used 200441K [0x13a00000, 0x2728c000, 0x33a00000)
   the space 320048K,  62% used [0x13a00000, 0x1fdbe678, 0x1fdbe800, 0x2728c000)
 Metaspace       used 57380K, capacity 61744K, committed 61824K, reserved 61824K
Event: 63.902 GC heap after
Heap after GC invocations=58 (full 7):
 def new generation   total 144192K, used 13K [0x03a00000, 0x0d670000, 0x13a00000)
  eden space 128192K,   0% used [0x03a00000, 0x03a00000, 0x0b730000)
  from space 16000K,   0% used [0x0c6d0000, 0x0c6d3548, 0x0d670000)
  to   space 16000K,   0% used [0x0b730000, 0x0b730000, 0x0c6d0000)
 tenured generation   total 320048K, used 209191K [0x13a00000, 0x2728c000, 0x33a00000)
   the space 320048K,  65% used [0x13a00000, 0x20649c30, 0x20649e00, 0x2728c000)
 Metaspace       used 57380K, capacity 61744K, committed 61824K, reserved 61824K
}

